D:\PROJECTS\CG3_RAYTRACING\MONTECARLOPATHTRACER\MONTECARLOPATHTRACER\DEBUG\BOXOVERLAP.OBJ
D:\PROJECTS\CG3_RAYTRACING\MONTECARLOPATHTRACER\MONTECARLOPATHTRACER\DEBUG\CAMERA.OBJ
D:\PROJECTS\CG3_RAYTRACING\MONTECARLOPATHTRACER\MONTECARLOPATHTRACER\DEBUG\GLMOBJ.OBJ
D:\PROJECTS\CG3_RAYTRACING\MONTECARLOPATHTRACER\MONTECARLOPATHTRACER\DEBUG\LODEPNG.OBJ
D:\PROJECTS\CG3_RAYTRACING\MONTECARLOPATHTRACER\MONTECARLOPATHTRACER\DEBUG\MAIN.OBJ
D:\PROJECTS\CG3_RAYTRACING\MONTECARLOPATHTRACER\MONTECARLOPATHTRACER\DEBUG\OBJECT3D.OBJ
D:\PROJECTS\CG3_RAYTRACING\MONTECARLOPATHTRACER\MONTECARLOPATHTRACER\DEBUG\OCTTREEAABB.OBJ
D:\PROJECTS\CG3_RAYTRACING\MONTECARLOPATHTRACER\MONTECARLOPATHTRACER\DEBUG\SCENE.OBJ
D:\PROJECTS\CG3_RAYTRACING\MONTECARLOPATHTRACER\MONTECARLOPATHTRACER\DEBUG\UTILS.OBJ
D:\PROJECTS\CG3_RAYTRACING\MONTECARLOPATHTRACER\MONTECARLOPATHTRACER\DEBUG\VBOINDEXER.OBJ
D:\PROJECTS\CG3_RAYTRACING\MONTECARLOPATHTRACER\MONTECARLOPATHTRACER\DEBUG\VC110.PDB
C:\USERS\ADMINISTRATOR\DESKTOP\汤德衍_21521073\MONTE CARLO PATH TRACER\MONTECARLOPATHTRACER\MONTECARLOPATHTRACER\DEBUG\BOXOVERLAP.OBJ
C:\USERS\ADMINISTRATOR\DESKTOP\汤德衍_21521073\MONTE CARLO PATH TRACER\MONTECARLOPATHTRACER\MONTECARLOPATHTRACER\DEBUG\CAMERA.OBJ
C:\USERS\ADMINISTRATOR\DESKTOP\汤德衍_21521073\MONTE CARLO PATH TRACER\MONTECARLOPATHTRACER\MONTECARLOPATHTRACER\DEBUG\GLMOBJ.OBJ
C:\USERS\ADMINISTRATOR\DESKTOP\汤德衍_21521073\MONTE CARLO PATH TRACER\MONTECARLOPATHTRACER\MONTECARLOPATHTRACER\DEBUG\LODEPNG.OBJ
C:\USERS\ADMINISTRATOR\DESKTOP\汤德衍_21521073\MONTE CARLO PATH TRACER\MONTECARLOPATHTRACER\MONTECARLOPATHTRACER\DEBUG\MAIN.OBJ
C:\USERS\ADMINISTRATOR\DESKTOP\汤德衍_21521073\MONTE CARLO PATH TRACER\MONTECARLOPATHTRACER\MONTECARLOPATHTRACER\DEBUG\OBJECT3D.OBJ
C:\USERS\ADMINISTRATOR\DESKTOP\汤德衍_21521073\MONTE CARLO PATH TRACER\MONTECARLOPATHTRACER\MONTECARLOPATHTRACER\DEBUG\OCTTREEAABB.OBJ
C:\USERS\ADMINISTRATOR\DESKTOP\汤德衍_21521073\MONTE CARLO PATH TRACER\MONTECARLOPATHTRACER\MONTECARLOPATHTRACER\DEBUG\SCENE.OBJ
C:\USERS\ADMINISTRATOR\DESKTOP\汤德衍_21521073\MONTE CARLO PATH TRACER\MONTECARLOPATHTRACER\MONTECARLOPATHTRACER\DEBUG\UTILS.OBJ
C:\USERS\ADMINISTRATOR\DESKTOP\汤德衍_21521073\MONTE CARLO PATH TRACER\MONTECARLOPATHTRACER\MONTECARLOPATHTRACER\DEBUG\VBOINDEXER.OBJ
C:\USERS\ADMINISTRATOR\DESKTOP\汤德衍_21521073\MONTE CARLO PATH TRACER\MONTECARLOPATHTRACER\MONTECARLOPATHTRACER\DEBUG\VC110.PDB
D:\PROJECTS\CG3_RAYTRACING\MONTECARLOPATHTRACER\DEBUG\MONTECARLOPATHTRACER.ILK
D:\PROJECTS\CG3_RAYTRACING\MONTECARLOPATHTRACER\DEBUG\MONTECARLOPATHTRACER.EXE
D:\PROJECTS\CG3_RAYTRACING\MONTECARLOPATHTRACER\DEBUG\MONTECARLOPATHTRACER.PDB
C:\USERS\ADMINISTRATOR\DESKTOP\汤德衍_21521073\MONTE CARLO PATH TRACER\MONTECARLOPATHTRACER\DEBUG\MONTECARLOPATHTRACER.ILK
C:\USERS\ADMINISTRATOR\DESKTOP\汤德衍_21521073\MONTE CARLO PATH TRACER\MONTECARLOPATHTRACER\DEBUG\MONTECARLOPATHTRACER.EXE
C:\USERS\ADMINISTRATOR\DESKTOP\汤德衍_21521073\MONTE CARLO PATH TRACER\MONTECARLOPATHTRACER\DEBUG\MONTECARLOPATHTRACER.PDB
C:\Users\Administrator\Desktop\汤德衍_21521073\Monte Carlo Path Tracer\MonteCarloPathTracer\MonteCarloPathTracer\Debug\boxOverlap.obj
C:\Users\Administrator\Desktop\汤德衍_21521073\Monte Carlo Path Tracer\MonteCarloPathTracer\MonteCarloPathTracer\Debug\Camera.obj
C:\Users\Administrator\Desktop\汤德衍_21521073\Monte Carlo Path Tracer\MonteCarloPathTracer\MonteCarloPathTracer\Debug\glmOBJ.obj
C:\Users\Administrator\Desktop\汤德衍_21521073\Monte Carlo Path Tracer\MonteCarloPathTracer\MonteCarloPathTracer\Debug\lodepng.obj
C:\Users\Administrator\Desktop\汤德衍_21521073\Monte Carlo Path Tracer\MonteCarloPathTracer\MonteCarloPathTracer\Debug\main.obj
C:\Users\Administrator\Desktop\汤德衍_21521073\Monte Carlo Path Tracer\MonteCarloPathTracer\MonteCarloPathTracer\Debug\Object3D.obj
C:\Users\Administrator\Desktop\汤德衍_21521073\Monte Carlo Path Tracer\MonteCarloPathTracer\MonteCarloPathTracer\Debug\OctTreeAABB.obj
C:\Users\Administrator\Desktop\汤德衍_21521073\Monte Carlo Path Tracer\MonteCarloPathTracer\MonteCarloPathTracer\Debug\Scene.obj
C:\Users\Administrator\Desktop\汤德衍_21521073\Monte Carlo Path Tracer\MonteCarloPathTracer\MonteCarloPathTracer\Debug\utils.obj
C:\Users\Administrator\Desktop\汤德衍_21521073\Monte Carlo Path Tracer\MonteCarloPathTracer\MonteCarloPathTracer\Debug\vboindexer.obj
C:\Users\Administrator\Desktop\汤德衍_21521073\Monte Carlo Path Tracer\MonteCarloPathTracer\MonteCarloPathTracer\Debug\cl.command.1.tlog
C:\Users\Administrator\Desktop\汤德衍_21521073\Monte Carlo Path Tracer\MonteCarloPathTracer\MonteCarloPathTracer\Debug\CL.read.1.tlog
C:\Users\Administrator\Desktop\汤德衍_21521073\Monte Carlo Path Tracer\MonteCarloPathTracer\MonteCarloPathTracer\Debug\CL.write.1.tlog
C:\Users\Administrator\Desktop\汤德衍_21521073\Monte Carlo Path Tracer\MonteCarloPathTracer\MonteCarloPathTracer\Debug\link-cvtres.read.1.tlog
C:\Users\Administrator\Desktop\汤德衍_21521073\Monte Carlo Path Tracer\MonteCarloPathTracer\MonteCarloPathTracer\Debug\link-cvtres.write.1.tlog
C:\Users\Administrator\Desktop\汤德衍_21521073\Monte Carlo Path Tracer\MonteCarloPathTracer\MonteCarloPathTracer\Debug\link-rc.read.1.tlog
C:\Users\Administrator\Desktop\汤德衍_21521073\Monte Carlo Path Tracer\MonteCarloPathTracer\MonteCarloPathTracer\Debug\link-rc.write.1.tlog
C:\Users\Administrator\Desktop\汤德衍_21521073\Monte Carlo Path Tracer\MonteCarloPathTracer\MonteCarloPathTracer\Debug\link.command.1.tlog
C:\Users\Administrator\Desktop\汤德衍_21521073\Monte Carlo Path Tracer\MonteCarloPathTracer\MonteCarloPathTracer\Debug\link.read.1.tlog
C:\Users\Administrator\Desktop\汤德衍_21521073\Monte Carlo Path Tracer\MonteCarloPathTracer\MonteCarloPathTracer\Debug\link.write.1.tlog
C:\Users\Administrator\Desktop\汤德衍_21521073\Monte Carlo Path Tracer\MonteCarloPathTracer\MonteCarloPathTracer\Debug\vc110.idb
C:\Users\Administrator\Desktop\汤德衍_21521073\Monte Carlo Path Tracer\MonteCarloPathTracer\MonteCarloPathTracer\Debug\vc110.pdb
C:\Users\Administrator\Desktop\汤德衍_21521073\Monte Carlo Path Tracer\MonteCarloPathTracer\Debug\MonteCarloPathTracer.pdb
C:\Users\Administrator\Desktop\汤德衍_21521073\Monte Carlo Path Tracer\MonteCarloPathTracer\Debug\MonteCarloPathTracer.exe
C:\Users\Administrator\Desktop\汤德衍_21521073\Monte Carlo Path Tracer\MonteCarloPathTracer\Debug\MonteCarloPathTracer.ilk
